
  ___  ____  ____  ____  ____ ®
 /__    /   ____/   /   ____/      StataNow 19.5
___/   /   /___/   /   /___/       MP—Parallel Edition

 Statistics and Data Science       Copyright 1985-2025 StataCorp LLC
                                   StataCorp
                                   4905 Lakeway Drive
                                   College Station, Texas 77845 USA
                                   800-782-8272        https://www.stata.com
                                   979-696-4600        service@stata.com

Stata license: Unlimited-user 16-core network, expiring 21 Jan 2027
Serial number: 501909354015
  Licensed to: Airef
               Airef

Notes:
      1. Stata is running in batch mode.
      2. Unicode is supported; see help unicode_advice.
      3. More than 2 billion observations are allowed; see help obs_advice.
      4. Maximum number of variables is set to 5,000 but can be increased;
          see help set_maxvar.

. do code\stata_check_sdid_event.do 

. clear all

. set more off

. 
. global ROOT "C:/Users/ngonzalezp/OneDrive - AIREF/Escritorio/Unempolyment_Ben
> efits/ai_unemployment_analysis"

. 
. log using "$ROOT/output/stata_check_sdid_event.log", replace text
(file C:/Users/ngonzalezp/OneDrive -
    AIREF/Escritorio/Unempolyment_Benefits/ai_unemployment_analysis/output/st
    > ata_check_sdid_event.log not found)
-------------------------------------------------------------------------------
      name:  <unnamed>
       log:  C:/Users/ngonzalezp/OneDrive - AIREF/Escritorio/Unempolyment_Benef
> its/ai_unemployment_analysis/output/stata_check_sdid_event.log
  log type:  text
 opened on:   5 Jun 2026, 15:55:18

. 
. display "Checking Stata commands"
Checking Stata commands

. display "c(stata_version) = " c(stata_version)
c(stata_version) = 19.5

. display "c(flavor) = " c(flavor)
c(flavor) = IC

. 
. foreach cmd in sdid sdid_event reghdfe ftools esttab coefplot {
  2.     capture noisily which `cmd'
  3.     if _rc {
  4.         display as error "`cmd' not found; return code = " _rc
  5.     }
  6. }
C:\Users\ngonzalezp\ado\plus\s\sdid.ado
*! sdid: Synthetic Difference-in-Differences
*! Version 2.0.2 June 28, 2024
*! Author: Pailañir Daniel, Clarke Damian
*! dpailanir@fen.uchile.cl, dclarke@fen.uchile.cl
C:\Users\ngonzalezp\ado\plus\s\sdid_event.ado
C:\Users\ngonzalezp\ado\plus\r\reghdfe.ado
*! version 6.12.3 08aug2023
C:\Users\ngonzalezp\ado\plus\f\ftools.ado
*! version 2.49.1 08aug2023
C:\Users\ngonzalezp\ado\plus\e\esttab.ado
*! version 2.1.1  10jun2022  Ben Jann
*! wrapper for estout
C:\Users\ngonzalezp\ado\plus\c\coefplot.ado
*! version 1.8.8  22aug2025  Ben Jann

. 
. capture noisily ssc describe sdid

-------------------------------------------------------------------------------
package sdid from http://fmwww.bc.edu/repec/bocode/s
-------------------------------------------------------------------------------

TITLE
      'SDID': module to perform synthetic difference-in-differences estimation,
        inference, and visualization

DESCRIPTION/AUTHOR(S)
      
       The sdid command implements the synthetic
      difference-in-differences method of Arkhangelsky et al. (AER,
      2021) for Stata. The program generates the ATT estimate derived
      in Arkhangelsky et al. (2021), and conducts inference following
      their bootstrap, placebo, or jackknife methods. The command
      allows for multiple treatment dates and multiple treatment units
      directly, as well as cases with only a single treatment unit.  As
      well as estimation and inference, the sdid command includes a
      number of graphical output options to summarize the synthetic
      difference-in-differences estimator.
      
      KW: difference-in-differences
      KW: DiD
      KW: synthetic
      KW: Arkhangelsky
      
      Requires: Stata version 13
      
      Distribution-Date: 20240816
      
      Author: Daniel Pailañir, Universidad de Santiago de Chile
      Support: email dpailanir@fen.uchile.cl
      
      Author: Damian Clarke, Universidad de Santiago de Chile
      Support: email dclarke@fen.uchile.cl
      
      Author:  Diego Ciccia, Economics Department, Sciences Po
      Support: email  diego.ciccia@sciencespo.fr
      

INSTALLATION FILES                                 (type net install sdid)
      sdid.ado
      sdid.sthlp
-------------------------------------------------------------------------------
(type ssc install sdid to install)

. display "ssc describe sdid return code = " _rc
ssc describe sdid return code = 0

. 
. capture noisily ssc describe sdid_event

-------------------------------------------------------------------------------
package sdid_event from http://fmwww.bc.edu/repec/bocode/s
-------------------------------------------------------------------------------

TITLE
      'SDID_EVENT': module providing Synthetic Difference-in-Differences (SDID)
        event-study estimators

DESCRIPTION/AUTHOR(S)
      
           sdid_event computes the event-study version of the Synthetic
      Difference-in-Differences (SDID) estimators from Arkhangelsky
      et al. (2021). As the name suggests, this program is an extension
      of sdid. As a result, all the conventions and requirement    for
      the implementation of sdid also apply for sdid_event. sdid_event
      can also be used in staggered adoption designs, with
      differential timing of treatment adoption. Also, the command
      supports both the bootstrap and placebo vce() options for
      inference.
      
      KW: synthetic DiD
      KW: difference in differences
      KW: event study
      
      Requires: Stata version 12 and sdid, unique from SSC (q.v.)
      
      Distribution-Date: 20240824
      
      Author:  Diego Ciccia, Economics Department, Sciences Po
      Support: email  diego.ciccia@sciencespo.fr
      
      Author: Damian Clarke, Universidad de Santiago de Chile
      Support: email dclarke@fen.uchile.cl
      
      Author: Daniel Pailañir, Universidad de Santiago de Chile
      Support: email dpailanir@fen.uchile.cl
      

INSTALLATION FILES                           (type net install sdid_event)
      sdid_event.ado
      sdid_event.sthlp
-------------------------------------------------------------------------------
(type ssc install sdid_event to install)

. display "ssc describe sdid_event return code = " _rc
ssc describe sdid_event return code = 0

. 
. log close
      name:  <unnamed>
       log:  C:/Users/ngonzalezp/OneDrive - AIREF/Escritorio/Unempolyment_Benef
> its/ai_unemployment_analysis/output/stata_check_sdid_event.log
  log type:  text
 closed on:   5 Jun 2026, 15:55:19
-------------------------------------------------------------------------------

. exit, clear

end of do-file
